<?xml version="1.0" encoding="UTF-8"?>
<testng-results skipped="0" failed="0" ignored="0" total="1" passed="1">
  <reporter-output>
  </reporter-output>
  <suite name="Default suite" duration-ms="37213" started-at="2019-12-17T08:37:19Z" finished-at="2019-12-17T08:37:56Z">
    <groups>
    </groups>
    <test name="Default test" duration-ms="37213" started-at="2019-12-17T08:37:19Z" finished-at="2019-12-17T08:37:56Z">
      <class name="com.oranges.test.LoginTests">
        <test-method status="PASS" signature="createObject()[pri:0, instance:com.oranges.test.LoginTests@5c3bd550]" name="createObject" is-config="true" duration-ms="788" started-at="2019-12-17T08:37:18Z" finished-at="2019-12-17T08:37:19Z">
          <reporter-output>
          </reporter-output>
        </test-method> <!-- createObject -->
        <test-method status="PASS" signature="setup()[pri:0, instance:com.oranges.test.LoginTests@5c3bd550]" name="setup" is-config="true" duration-ms="28464" started-at="2019-12-17T08:37:19Z" finished-at="2019-12-17T08:37:48Z">
          <reporter-output>
          </reporter-output>
        </test-method> <!-- setup -->
        <test-method status="PASS" signature="validLogin()[pri:0, instance:com.oranges.test.LoginTests@5c3bd550]" name="validLogin" duration-ms="7282" started-at="2019-12-17T08:37:48Z" finished-at="2019-12-17T08:37:55Z">
          <reporter-output>
          </reporter-output>
        </test-method> <!-- validLogin -->
        <test-method status="PASS" signature="tearDown(org.testng.ITestResult)[pri:0, instance:com.oranges.test.LoginTests@5c3bd550]" name="tearDown" is-config="true" duration-ms="1440" started-at="2019-12-17T08:37:55Z" finished-at="2019-12-17T08:37:56Z">
          <params>
            <param index="0">
              <value>
                <![CDATA[[TestResult name=validLogin status=SUCCESS method=LoginTests.validLogin()[pri:0, instance:com.oranges.test.LoginTests@5c3bd550] output={null}]]]>
              </value>
            </param>
          </params>
          <reporter-output>
          </reporter-output>
        </test-method> <!-- tearDown -->
        <test-method status="PASS" signature="quitBrowser()[pri:0, instance:com.oranges.test.LoginTests@5c3bd550]" name="quitBrowser" is-config="true" duration-ms="1" started-at="2019-12-17T08:37:56Z" finished-at="2019-12-17T08:37:56Z">
          <reporter-output>
          </reporter-output>
        </test-method> <!-- quitBrowser -->
      </class> <!-- com.oranges.test.LoginTests -->
    </test> <!-- Default test -->
  </suite> <!-- Default suite -->
</testng-results>
